<?xml version="1.0" encoding="UTF-8"?>
<!-- Generated by org.testng.reporters.JUnitReportReporter -->
<testsuite hostname="DESKTOP-802I4IN" failures="0" tests="2" name="com.qa.linkedin.testcases.LinkedinHomePageTest" time="0.669" errors="0" timestamp="2022-12-25T23:56:39 IST" skipped="0">
  <testcase classname="com.qa.linkedin.testcases.LinkedinHomePageTest" name="verifyLinkedinHomePageTitleTest" time="0.054"/>
  <system-out/>
  <testcase classname="com.qa.linkedin.testcases.LinkedinHomePageTest" name="verifyLinkedinLogoTest" time="0.615"/>
  <system-out/>
</testsuite> <!-- com.qa.linkedin.testcases.LinkedinHomePageTest -->
